[0.044s] DEBUG:colcon:Command line arguments: ['/usr/bin/colcon', 'build']
[0.044s] DEBUG:colcon:Parsed command line arguments: Namespace(log_base=None, log_level=None, verb_name='build', build_base='build', install_base='install', merge_install=False, symlink_install=False, test_result_base=None, continue_on_error=False, executor='parallel', parallel_workers=32, event_handlers=None, ignore_user_meta=False, metas=['./colcon.meta'], base_paths=['.'], packages_ignore=None, packages_ignore_regex=None, paths=None, packages_up_to=None, packages_up_to_regex=None, packages_above=None, packages_above_and_dependencies=None, packages_above_depth=None, packages_select_by_dep=None, packages_skip_by_dep=None, packages_skip_up_to=None, packages_select_build_failed=False, packages_skip_build_finished=False, packages_select_test_failures=False, packages_skip_test_passed=False, packages_select=None, packages_skip=None, packages_select_regex=None, packages_skip_regex=None, packages_start=None, packages_end=None, allow_overriding=[], cmake_args=None, cmake_target=None, cmake_target_skip_unavailable=False, cmake_clean_cache=False, cmake_clean_first=False, cmake_force_configure=False, ament_cmake_args=None, catkin_cmake_args=None, catkin_skip_building_tests=False, verb_parser=<colcon_defaults.argument_parser.defaults.DefaultArgumentsDecorator object at 0x78101d705ba0>, verb_extension=<colcon_core.verb.build.BuildVerb object at 0x78101d852f20>, main=<bound method BuildVerb.main of <colcon_core.verb.build.BuildVerb object at 0x78101d852f20>>)
[0.110s] Level 1:colcon.colcon_core.package_discovery:discover_packages(colcon_meta) check parameters
[0.110s] Level 1:colcon.colcon_core.package_discovery:discover_packages(recursive) check parameters
[0.110s] Level 1:colcon.colcon_core.package_discovery:discover_packages(ignore) check parameters
[0.110s] Level 1:colcon.colcon_core.package_discovery:discover_packages(path) check parameters
[0.110s] Level 1:colcon.colcon_core.package_discovery:discover_packages(colcon_meta) discover
[0.110s] Level 1:colcon.colcon_core.package_discovery:discover_packages(recursive) discover
[0.110s] INFO:colcon.colcon_core.package_discovery:Crawling recursively for packages in '/home/ifarlab/colcon_ws/src/ros2_kafka_bridge'
[0.110s] Level 1:colcon.colcon_core.package_identification:_identify(.) by extensions ['ignore', 'ignore_ament_install']
[0.110s] Level 1:colcon.colcon_core.package_identification:_identify(.) by extension 'ignore'
[0.110s] Level 1:colcon.colcon_core.package_identification:_identify(.) by extension 'ignore_ament_install'
[0.110s] Level 1:colcon.colcon_core.package_identification:_identify(.) by extensions ['colcon_pkg']
[0.110s] Level 1:colcon.colcon_core.package_identification:_identify(.) by extension 'colcon_pkg'
[0.110s] Level 1:colcon.colcon_core.package_identification:_identify(.) by extensions ['colcon_meta']
[0.110s] Level 1:colcon.colcon_core.package_identification:_identify(.) by extension 'colcon_meta'
[0.110s] Level 1:colcon.colcon_core.package_identification:_identify(.) by extensions ['ros']
[0.110s] Level 1:colcon.colcon_core.package_identification:_identify(.) by extension 'ros'
[0.116s] DEBUG:colcon.colcon_core.package_identification:Package '.' with type 'ros.ament_python' and name 'ros2_kafka_bridge'
[0.116s] Level 1:colcon.colcon_core.package_discovery:discover_packages(recursive) using defaults
[0.116s] Level 1:colcon.colcon_core.package_discovery:discover_packages(ignore) discover
[0.116s] Level 1:colcon.colcon_core.package_discovery:discover_packages(ignore) using defaults
[0.116s] Level 1:colcon.colcon_core.package_discovery:discover_packages(path) discover
[0.116s] Level 1:colcon.colcon_core.package_discovery:discover_packages(path) using defaults
[0.129s] Level 1:colcon.colcon_core.package_discovery:discover_packages(prefix_path) check parameters
[0.129s] Level 1:colcon.colcon_core.package_discovery:discover_packages(prefix_path) discover
[0.129s] DEBUG:colcon.colcon_installed_package_information.package_discovery:Found 11 installed packages in /home/ifarlab/colcon_ws/install
[0.130s] DEBUG:colcon.colcon_installed_package_information.package_discovery:Found 335 installed packages in /opt/ros/humble
[0.131s] Level 1:colcon.colcon_core.package_discovery:discover_packages(prefix_path) using defaults
[0.148s] Level 5:colcon.colcon_core.verb:set package 'ros2_kafka_bridge' build argument 'cmake_args' from command line to 'None'
[0.148s] Level 5:colcon.colcon_core.verb:set package 'ros2_kafka_bridge' build argument 'cmake_target' from command line to 'None'
[0.148s] Level 5:colcon.colcon_core.verb:set package 'ros2_kafka_bridge' build argument 'cmake_target_skip_unavailable' from command line to 'False'
[0.148s] Level 5:colcon.colcon_core.verb:set package 'ros2_kafka_bridge' build argument 'cmake_clean_cache' from command line to 'False'
[0.148s] Level 5:colcon.colcon_core.verb:set package 'ros2_kafka_bridge' build argument 'cmake_clean_first' from command line to 'False'
[0.148s] Level 5:colcon.colcon_core.verb:set package 'ros2_kafka_bridge' build argument 'cmake_force_configure' from command line to 'False'
[0.148s] Level 5:colcon.colcon_core.verb:set package 'ros2_kafka_bridge' build argument 'ament_cmake_args' from command line to 'None'
[0.148s] Level 5:colcon.colcon_core.verb:set package 'ros2_kafka_bridge' build argument 'catkin_cmake_args' from command line to 'None'
[0.148s] Level 5:colcon.colcon_core.verb:set package 'ros2_kafka_bridge' build argument 'catkin_skip_building_tests' from command line to 'False'
[0.148s] DEBUG:colcon.colcon_core.verb:Building package 'ros2_kafka_bridge' with the following arguments: {'ament_cmake_args': None, 'build_base': '/home/ifarlab/colcon_ws/src/ros2_kafka_bridge/build/ros2_kafka_bridge', 'catkin_cmake_args': None, 'catkin_skip_building_tests': False, 'cmake_args': None, 'cmake_clean_cache': False, 'cmake_clean_first': False, 'cmake_force_configure': False, 'cmake_target': None, 'cmake_target_skip_unavailable': False, 'install_base': '/home/ifarlab/colcon_ws/src/ros2_kafka_bridge/install/ros2_kafka_bridge', 'merge_install': False, 'path': '/home/ifarlab/colcon_ws/src/ros2_kafka_bridge', 'symlink_install': False, 'test_result_base': None}
[0.148s] INFO:colcon.colcon_core.executor:Executing jobs using 'parallel' executor
[0.149s] DEBUG:colcon.colcon_parallel_executor.executor.parallel:run_until_complete
[0.149s] INFO:colcon.colcon_ros.task.ament_python.build:Building ROS package in '/home/ifarlab/colcon_ws/src/ros2_kafka_bridge' with build type 'ament_python'
[0.149s] Level 1:colcon.colcon_core.shell:create_environment_hook('ros2_kafka_bridge', 'ament_prefix_path')
[0.150s] INFO:colcon.colcon_core.plugin_system:Skipping extension 'colcon_core.shell.bat': Not used on non-Windows systems
[0.150s] INFO:colcon.colcon_core.shell:Creating environment hook '/home/ifarlab/colcon_ws/src/ros2_kafka_bridge/install/ros2_kafka_bridge/share/ros2_kafka_bridge/hook/ament_prefix_path.ps1'
[0.150s] INFO:colcon.colcon_core.shell:Creating environment descriptor '/home/ifarlab/colcon_ws/src/ros2_kafka_bridge/install/ros2_kafka_bridge/share/ros2_kafka_bridge/hook/ament_prefix_path.dsv'
[0.150s] INFO:colcon.colcon_core.shell:Creating environment hook '/home/ifarlab/colcon_ws/src/ros2_kafka_bridge/install/ros2_kafka_bridge/share/ros2_kafka_bridge/hook/ament_prefix_path.sh'
[0.151s] INFO:colcon.colcon_core.shell:Skip shell extension 'powershell' for command environment: Not usable outside of PowerShell
[0.151s] DEBUG:colcon.colcon_core.shell:Skip shell extension 'dsv' for command environment
[0.257s] INFO:colcon.colcon_core.task.python.build:Building Python package in '/home/ifarlab/colcon_ws/src/ros2_kafka_bridge'
[0.257s] INFO:colcon.colcon_core.shell:Skip shell extension 'powershell' for command environment: Not usable outside of PowerShell
[0.257s] DEBUG:colcon.colcon_core.shell:Skip shell extension 'dsv' for command environment
[0.406s] DEBUG:colcon.colcon_core.event_handler.log_command:Invoking command in '/home/ifarlab/colcon_ws/src/ros2_kafka_bridge': PYTHONPATH=/home/ifarlab/colcon_ws/src/ros2_kafka_bridge/build/ros2_kafka_bridge/prefix_override:/usr/lib/python3/dist-packages/colcon_core/task/python/colcon_distutils_commands:/home/ifarlab/colcon_ws/src/ros2_kafka_bridge/install/ros2_kafka_bridge/lib/python3.10/site-packages:${PYTHONPATH} /usr/bin/python3 -W ignore:setup.py install is deprecated -W ignore:easy_install command is deprecated setup.py egg_info --egg-base build/ros2_kafka_bridge build --build-base /home/ifarlab/colcon_ws/src/ros2_kafka_bridge/build/ros2_kafka_bridge/build install --record /home/ifarlab/colcon_ws/src/ros2_kafka_bridge/build/ros2_kafka_bridge/install.log --install-scripts $base/lib/ros2_kafka_bridge --single-version-externally-managed install_data
[0.529s] DEBUG:colcon.colcon_core.event_handler.log_command:Invoked command in '/home/ifarlab/colcon_ws/src/ros2_kafka_bridge' returned '0': PYTHONPATH=/home/ifarlab/colcon_ws/src/ros2_kafka_bridge/build/ros2_kafka_bridge/prefix_override:/usr/lib/python3/dist-packages/colcon_core/task/python/colcon_distutils_commands:/home/ifarlab/colcon_ws/src/ros2_kafka_bridge/install/ros2_kafka_bridge/lib/python3.10/site-packages:${PYTHONPATH} /usr/bin/python3 -W ignore:setup.py install is deprecated -W ignore:easy_install command is deprecated setup.py egg_info --egg-base build/ros2_kafka_bridge build --build-base /home/ifarlab/colcon_ws/src/ros2_kafka_bridge/build/ros2_kafka_bridge/build install --record /home/ifarlab/colcon_ws/src/ros2_kafka_bridge/build/ros2_kafka_bridge/install.log --install-scripts $base/lib/ros2_kafka_bridge --single-version-externally-managed install_data
[0.530s] Level 1:colcon.colcon_core.environment:checking '/home/ifarlab/colcon_ws/src/ros2_kafka_bridge/install/ros2_kafka_bridge' for CMake module files
[0.530s] Level 1:colcon.colcon_core.environment:checking '/home/ifarlab/colcon_ws/src/ros2_kafka_bridge/install/ros2_kafka_bridge' for CMake config files
[0.531s] Level 1:colcon.colcon_core.environment:checking '/home/ifarlab/colcon_ws/src/ros2_kafka_bridge/install/ros2_kafka_bridge/lib'
[0.531s] Level 1:colcon.colcon_core.environment:checking '/home/ifarlab/colcon_ws/src/ros2_kafka_bridge/install/ros2_kafka_bridge/bin'
[0.531s] Level 1:colcon.colcon_core.environment:checking '/home/ifarlab/colcon_ws/src/ros2_kafka_bridge/install/ros2_kafka_bridge/lib/pkgconfig/ros2_kafka_bridge.pc'
[0.531s] Level 1:colcon.colcon_core.environment:checking '/home/ifarlab/colcon_ws/src/ros2_kafka_bridge/install/ros2_kafka_bridge/lib/python3.10/site-packages'
[0.531s] Level 1:colcon.colcon_core.shell:create_environment_hook('ros2_kafka_bridge', 'pythonpath')
[0.531s] INFO:colcon.colcon_core.shell:Creating environment hook '/home/ifarlab/colcon_ws/src/ros2_kafka_bridge/install/ros2_kafka_bridge/share/ros2_kafka_bridge/hook/pythonpath.ps1'
[0.531s] INFO:colcon.colcon_core.shell:Creating environment descriptor '/home/ifarlab/colcon_ws/src/ros2_kafka_bridge/install/ros2_kafka_bridge/share/ros2_kafka_bridge/hook/pythonpath.dsv'
[0.531s] INFO:colcon.colcon_core.shell:Creating environment hook '/home/ifarlab/colcon_ws/src/ros2_kafka_bridge/install/ros2_kafka_bridge/share/ros2_kafka_bridge/hook/pythonpath.sh'
[0.531s] Level 1:colcon.colcon_core.environment:checking '/home/ifarlab/colcon_ws/src/ros2_kafka_bridge/install/ros2_kafka_bridge/bin'
[0.531s] Level 1:colcon.colcon_core.environment:create_environment_scripts_only(ros2_kafka_bridge)
[0.532s] INFO:colcon.colcon_core.shell:Creating package script '/home/ifarlab/colcon_ws/src/ros2_kafka_bridge/install/ros2_kafka_bridge/share/ros2_kafka_bridge/package.ps1'
[0.532s] INFO:colcon.colcon_core.shell:Creating package descriptor '/home/ifarlab/colcon_ws/src/ros2_kafka_bridge/install/ros2_kafka_bridge/share/ros2_kafka_bridge/package.dsv'
[0.532s] INFO:colcon.colcon_core.shell:Creating package script '/home/ifarlab/colcon_ws/src/ros2_kafka_bridge/install/ros2_kafka_bridge/share/ros2_kafka_bridge/package.sh'
[0.532s] INFO:colcon.colcon_core.shell:Creating package script '/home/ifarlab/colcon_ws/src/ros2_kafka_bridge/install/ros2_kafka_bridge/share/ros2_kafka_bridge/package.bash'
[0.533s] INFO:colcon.colcon_core.shell:Creating package script '/home/ifarlab/colcon_ws/src/ros2_kafka_bridge/install/ros2_kafka_bridge/share/ros2_kafka_bridge/package.zsh'
[0.533s] Level 1:colcon.colcon_core.environment:create_file_with_runtime_dependencies(/home/ifarlab/colcon_ws/src/ros2_kafka_bridge/install/ros2_kafka_bridge/share/colcon-core/packages/ros2_kafka_bridge)
[0.533s] DEBUG:colcon.colcon_parallel_executor.executor.parallel:closing loop
[0.533s] DEBUG:colcon.colcon_parallel_executor.executor.parallel:loop closed
[0.533s] DEBUG:colcon.colcon_parallel_executor.executor.parallel:run_until_complete finished with '0'
[0.533s] DEBUG:colcon.colcon_core.event_reactor:joining thread
[0.535s] INFO:colcon.colcon_core.plugin_system:Skipping extension 'colcon_notification.desktop_notification.terminal_notifier': Not used on non-Darwin systems
[0.535s] INFO:colcon.colcon_core.plugin_system:Skipping extension 'colcon_notification.desktop_notification.win32': Not used on non-Windows systems
[0.535s] INFO:colcon.colcon_notification.desktop_notification:Sending desktop notification using 'notify2'
[0.540s] DEBUG:colcon.colcon_core.event_reactor:joined thread
[0.541s] INFO:colcon.colcon_core.shell:Creating prefix script '/home/ifarlab/colcon_ws/src/ros2_kafka_bridge/install/local_setup.ps1'
[0.541s] INFO:colcon.colcon_core.shell:Creating prefix util module '/home/ifarlab/colcon_ws/src/ros2_kafka_bridge/install/_local_setup_util_ps1.py'
[0.541s] INFO:colcon.colcon_core.shell:Creating prefix chain script '/home/ifarlab/colcon_ws/src/ros2_kafka_bridge/install/setup.ps1'
[0.542s] INFO:colcon.colcon_core.shell:Creating prefix script '/home/ifarlab/colcon_ws/src/ros2_kafka_bridge/install/local_setup.sh'
[0.542s] INFO:colcon.colcon_core.shell:Creating prefix util module '/home/ifarlab/colcon_ws/src/ros2_kafka_bridge/install/_local_setup_util_sh.py'
[0.542s] INFO:colcon.colcon_core.shell:Creating prefix chain script '/home/ifarlab/colcon_ws/src/ros2_kafka_bridge/install/setup.sh'
[0.543s] INFO:colcon.colcon_core.shell:Creating prefix script '/home/ifarlab/colcon_ws/src/ros2_kafka_bridge/install/local_setup.bash'
[0.543s] INFO:colcon.colcon_core.shell:Creating prefix chain script '/home/ifarlab/colcon_ws/src/ros2_kafka_bridge/install/setup.bash'
[0.543s] INFO:colcon.colcon_core.shell:Creating prefix script '/home/ifarlab/colcon_ws/src/ros2_kafka_bridge/install/local_setup.zsh'
[0.544s] INFO:colcon.colcon_core.shell:Creating prefix chain script '/home/ifarlab/colcon_ws/src/ros2_kafka_bridge/install/setup.zsh'
