running egg_info
creating build/ros2_kafka_bridge/ros2_kafka_bridge.egg-info
writing build/ros2_kafka_bridge/ros2_kafka_bridge.egg-info/PKG-INFO
writing dependency_links to build/ros2_kafka_bridge/ros2_kafka_bridge.egg-info/dependency_links.txt
writing entry points to build/ros2_kafka_bridge/ros2_kafka_bridge.egg-info/entry_points.txt
writing requirements to build/ros2_kafka_bridge/ros2_kafka_bridge.egg-info/requires.txt
writing top-level names to build/ros2_kafka_bridge/ros2_kafka_bridge.egg-info/top_level.txt
writing manifest file 'build/ros2_kafka_bridge/ros2_kafka_bridge.egg-info/SOURCES.txt'
reading manifest file 'build/ros2_kafka_bridge/ros2_kafka_bridge.egg-info/SOURCES.txt'
writing manifest file 'build/ros2_kafka_bridge/ros2_kafka_bridge.egg-info/SOURCES.txt'
running build
running build_py
creating /home/ifarlab/colcon_ws/src/ros2_kafka_bridge/build/ros2_kafka_bridge/build
creating /home/ifarlab/colcon_ws/src/ros2_kafka_bridge/build/ros2_kafka_bridge/build/lib
creating /home/ifarlab/colcon_ws/src/ros2_kafka_bridge/build/ros2_kafka_bridge/build/lib/src
copying src/__init__.py -> /home/ifarlab/colcon_ws/src/ros2_kafka_bridge/build/ros2_kafka_bridge/build/lib/src
copying src/single_ros2_pub_sub_1.py -> /home/ifarlab/colcon_ws/src/ros2_kafka_bridge/build/ros2_kafka_bridge/build/lib/src
copying src/single_ros2_pub_sub_2.py -> /home/ifarlab/colcon_ws/src/ros2_kafka_bridge/build/ros2_kafka_bridge/build/lib/src
copying src/single_kafka_pro_1.py -> /home/ifarlab/colcon_ws/src/ros2_kafka_bridge/build/ros2_kafka_bridge/build/lib/src
copying src/single_kafka_pro_2.py -> /home/ifarlab/colcon_ws/src/ros2_kafka_bridge/build/ros2_kafka_bridge/build/lib/src
copying src/single_kafka_con_1.py -> /home/ifarlab/colcon_ws/src/ros2_kafka_bridge/build/ros2_kafka_bridge/build/lib/src
copying src/single_kafka_con_2.py -> /home/ifarlab/colcon_ws/src/ros2_kafka_bridge/build/ros2_kafka_bridge/build/lib/src
copying src/single_ros2_kafka_bridge_topic_1.py -> /home/ifarlab/colcon_ws/src/ros2_kafka_bridge/build/ros2_kafka_bridge/build/lib/src
copying src/single_ros2_kafka_bridge_topic_2.py -> /home/ifarlab/colcon_ws/src/ros2_kafka_bridge/build/ros2_kafka_bridge/build/lib/src
copying src/double_ros2_pub_sub.py -> /home/ifarlab/colcon_ws/src/ros2_kafka_bridge/build/ros2_kafka_bridge/build/lib/src
copying src/double_kafka_pro_con.py -> /home/ifarlab/colcon_ws/src/ros2_kafka_bridge/build/ros2_kafka_bridge/build/lib/src
copying src/double_ros2_kafka_bridge.py -> /home/ifarlab/colcon_ws/src/ros2_kafka_bridge/build/ros2_kafka_bridge/build/lib/src
running install
running install_lib
creating /home/ifarlab/colcon_ws/src/ros2_kafka_bridge/install/ros2_kafka_bridge/lib/python3.10/site-packages/src
copying /home/ifarlab/colcon_ws/src/ros2_kafka_bridge/build/ros2_kafka_bridge/build/lib/src/single_kafka_con_2.py -> /home/ifarlab/colcon_ws/src/ros2_kafka_bridge/install/ros2_kafka_bridge/lib/python3.10/site-packages/src
copying /home/ifarlab/colcon_ws/src/ros2_kafka_bridge/build/ros2_kafka_bridge/build/lib/src/double_ros2_pub_sub.py -> /home/ifarlab/colcon_ws/src/ros2_kafka_bridge/install/ros2_kafka_bridge/lib/python3.10/site-packages/src
copying /home/ifarlab/colcon_ws/src/ros2_kafka_bridge/build/ros2_kafka_bridge/build/lib/src/single_ros2_kafka_bridge_topic_1.py -> /home/ifarlab/colcon_ws/src/ros2_kafka_bridge/install/ros2_kafka_bridge/lib/python3.10/site-packages/src
copying /home/ifarlab/colcon_ws/src/ros2_kafka_bridge/build/ros2_kafka_bridge/build/lib/src/single_kafka_pro_2.py -> /home/ifarlab/colcon_ws/src/ros2_kafka_bridge/install/ros2_kafka_bridge/lib/python3.10/site-packages/src
copying /home/ifarlab/colcon_ws/src/ros2_kafka_bridge/build/ros2_kafka_bridge/build/lib/src/single_ros2_pub_sub_2.py -> /home/ifarlab/colcon_ws/src/ros2_kafka_bridge/install/ros2_kafka_bridge/lib/python3.10/site-packages/src
copying /home/ifarlab/colcon_ws/src/ros2_kafka_bridge/build/ros2_kafka_bridge/build/lib/src/__init__.py -> /home/ifarlab/colcon_ws/src/ros2_kafka_bridge/install/ros2_kafka_bridge/lib/python3.10/site-packages/src
copying /home/ifarlab/colcon_ws/src/ros2_kafka_bridge/build/ros2_kafka_bridge/build/lib/src/double_kafka_pro_con.py -> /home/ifarlab/colcon_ws/src/ros2_kafka_bridge/install/ros2_kafka_bridge/lib/python3.10/site-packages/src
copying /home/ifarlab/colcon_ws/src/ros2_kafka_bridge/build/ros2_kafka_bridge/build/lib/src/single_kafka_con_1.py -> /home/ifarlab/colcon_ws/src/ros2_kafka_bridge/install/ros2_kafka_bridge/lib/python3.10/site-packages/src
copying /home/ifarlab/colcon_ws/src/ros2_kafka_bridge/build/ros2_kafka_bridge/build/lib/src/single_ros2_pub_sub_1.py -> /home/ifarlab/colcon_ws/src/ros2_kafka_bridge/install/ros2_kafka_bridge/lib/python3.10/site-packages/src
copying /home/ifarlab/colcon_ws/src/ros2_kafka_bridge/build/ros2_kafka_bridge/build/lib/src/single_ros2_kafka_bridge_topic_2.py -> /home/ifarlab/colcon_ws/src/ros2_kafka_bridge/install/ros2_kafka_bridge/lib/python3.10/site-packages/src
copying /home/ifarlab/colcon_ws/src/ros2_kafka_bridge/build/ros2_kafka_bridge/build/lib/src/single_kafka_pro_1.py -> /home/ifarlab/colcon_ws/src/ros2_kafka_bridge/install/ros2_kafka_bridge/lib/python3.10/site-packages/src
copying /home/ifarlab/colcon_ws/src/ros2_kafka_bridge/build/ros2_kafka_bridge/build/lib/src/double_ros2_kafka_bridge.py -> /home/ifarlab/colcon_ws/src/ros2_kafka_bridge/install/ros2_kafka_bridge/lib/python3.10/site-packages/src
byte-compiling /home/ifarlab/colcon_ws/src/ros2_kafka_bridge/install/ros2_kafka_bridge/lib/python3.10/site-packages/src/single_kafka_con_2.py to single_kafka_con_2.cpython-310.pyc
byte-compiling /home/ifarlab/colcon_ws/src/ros2_kafka_bridge/install/ros2_kafka_bridge/lib/python3.10/site-packages/src/double_ros2_pub_sub.py to double_ros2_pub_sub.cpython-310.pyc
byte-compiling /home/ifarlab/colcon_ws/src/ros2_kafka_bridge/install/ros2_kafka_bridge/lib/python3.10/site-packages/src/single_ros2_kafka_bridge_topic_1.py to single_ros2_kafka_bridge_topic_1.cpython-310.pyc
byte-compiling /home/ifarlab/colcon_ws/src/ros2_kafka_bridge/install/ros2_kafka_bridge/lib/python3.10/site-packages/src/single_kafka_pro_2.py to single_kafka_pro_2.cpython-310.pyc
byte-compiling /home/ifarlab/colcon_ws/src/ros2_kafka_bridge/install/ros2_kafka_bridge/lib/python3.10/site-packages/src/single_ros2_pub_sub_2.py to single_ros2_pub_sub_2.cpython-310.pyc
byte-compiling /home/ifarlab/colcon_ws/src/ros2_kafka_bridge/install/ros2_kafka_bridge/lib/python3.10/site-packages/src/__init__.py to __init__.cpython-310.pyc
byte-compiling /home/ifarlab/colcon_ws/src/ros2_kafka_bridge/install/ros2_kafka_bridge/lib/python3.10/site-packages/src/double_kafka_pro_con.py to double_kafka_pro_con.cpython-310.pyc
byte-compiling /home/ifarlab/colcon_ws/src/ros2_kafka_bridge/install/ros2_kafka_bridge/lib/python3.10/site-packages/src/single_kafka_con_1.py to single_kafka_con_1.cpython-310.pyc
byte-compiling /home/ifarlab/colcon_ws/src/ros2_kafka_bridge/install/ros2_kafka_bridge/lib/python3.10/site-packages/src/single_ros2_pub_sub_1.py to single_ros2_pub_sub_1.cpython-310.pyc
byte-compiling /home/ifarlab/colcon_ws/src/ros2_kafka_bridge/install/ros2_kafka_bridge/lib/python3.10/site-packages/src/single_ros2_kafka_bridge_topic_2.py to single_ros2_kafka_bridge_topic_2.cpython-310.pyc
byte-compiling /home/ifarlab/colcon_ws/src/ros2_kafka_bridge/install/ros2_kafka_bridge/lib/python3.10/site-packages/src/single_kafka_pro_1.py to single_kafka_pro_1.cpython-310.pyc
byte-compiling /home/ifarlab/colcon_ws/src/ros2_kafka_bridge/install/ros2_kafka_bridge/lib/python3.10/site-packages/src/double_ros2_kafka_bridge.py to double_ros2_kafka_bridge.cpython-310.pyc
running install_data
creating /home/ifarlab/colcon_ws/src/ros2_kafka_bridge/install/ros2_kafka_bridge/share/ament_index
creating /home/ifarlab/colcon_ws/src/ros2_kafka_bridge/install/ros2_kafka_bridge/share/ament_index/resource_index
creating /home/ifarlab/colcon_ws/src/ros2_kafka_bridge/install/ros2_kafka_bridge/share/ament_index/resource_index/packages
copying resource/ros2_kafka_bridge -> /home/ifarlab/colcon_ws/src/ros2_kafka_bridge/install/ros2_kafka_bridge/share/ament_index/resource_index/packages
copying package.xml -> /home/ifarlab/colcon_ws/src/ros2_kafka_bridge/install/ros2_kafka_bridge/share/ros2_kafka_bridge
running install_egg_info
Copying build/ros2_kafka_bridge/ros2_kafka_bridge.egg-info to /home/ifarlab/colcon_ws/src/ros2_kafka_bridge/install/ros2_kafka_bridge/lib/python3.10/site-packages/ros2_kafka_bridge-0.0.1-py3.10.egg-info
running install_scripts
Installing double_kafka_pro_con script to /home/ifarlab/colcon_ws/src/ros2_kafka_bridge/install/ros2_kafka_bridge/lib/ros2_kafka_bridge
Installing double_ros2_kafka_bridge script to /home/ifarlab/colcon_ws/src/ros2_kafka_bridge/install/ros2_kafka_bridge/lib/ros2_kafka_bridge
Installing double_ros2_pub_sub script to /home/ifarlab/colcon_ws/src/ros2_kafka_bridge/install/ros2_kafka_bridge/lib/ros2_kafka_bridge
Installing single_kafka_con_1 script to /home/ifarlab/colcon_ws/src/ros2_kafka_bridge/install/ros2_kafka_bridge/lib/ros2_kafka_bridge
Installing single_kafka_con_2 script to /home/ifarlab/colcon_ws/src/ros2_kafka_bridge/install/ros2_kafka_bridge/lib/ros2_kafka_bridge
Installing single_kafka_pro_1 script to /home/ifarlab/colcon_ws/src/ros2_kafka_bridge/install/ros2_kafka_bridge/lib/ros2_kafka_bridge
Installing single_kafka_pro_2 script to /home/ifarlab/colcon_ws/src/ros2_kafka_bridge/install/ros2_kafka_bridge/lib/ros2_kafka_bridge
Installing single_ros2_kafka_bridge_topic_1 script to /home/ifarlab/colcon_ws/src/ros2_kafka_bridge/install/ros2_kafka_bridge/lib/ros2_kafka_bridge
Installing single_ros2_kafka_bridge_topic_2 script to /home/ifarlab/colcon_ws/src/ros2_kafka_bridge/install/ros2_kafka_bridge/lib/ros2_kafka_bridge
Installing single_ros2_pub_sub_1 script to /home/ifarlab/colcon_ws/src/ros2_kafka_bridge/install/ros2_kafka_bridge/lib/ros2_kafka_bridge
Installing single_ros2_pub_sub_2 script to /home/ifarlab/colcon_ws/src/ros2_kafka_bridge/install/ros2_kafka_bridge/lib/ros2_kafka_bridge
writing list of installed files to '/home/ifarlab/colcon_ws/src/ros2_kafka_bridge/build/ros2_kafka_bridge/install.log'
